<?xml version="1.0" encoding="UTF-8" ?>
<testsuite tests="9" failures="0" name="io.grpc.examples.routeguide.RouteGuideClientTest" time="0.21" errors="0" skipped="0">
  <properties>
    <property name="os.detected.version" value="10.0"/>
    <property name="java.runtime.name" value="OpenJDK Runtime Environment"/>
    <property name="java.vm.version" value="12+32"/>
    <property name="sun.boot.library.path" value="C:\install\openjdk-12+32_windows-x64_bin\jdk-12\bin"/>
    <property name="maven.multiModuleProjectDirectory" value="C:/code/src/git/naren4b/Java-App/grpc/examples"/>
    <property name="java.vm.vendor" value="Oracle Corporation"/>
    <property name="java.vendor.url" value="https://java.oracle.com/"/>
    <property name="guice.disable.misplaced.annotation.check" value="true"/>
    <property name="path.separator" value=";"/>
    <property name="os.detected.version.minor" value="0"/>
    <property name="java.vm.name" value="OpenJDK 64-Bit Server VM"/>
    <property name="sun.os.patch.level" value=""/>
    <property name="user.script" value=""/>
    <property name="user.country" value="IN"/>
    <property name="sun.java.launcher" value="SUN_STANDARD"/>
    <property name="java.vm.specification.name" value="Java Virtual Machine Specification"/>
    <property name="user.dir" value="C:\code\src\git\naren4b\Java-App\grpc\examples"/>
    <property name="java.vm.compressedOopsMode" value="Zero based"/>
    <property name="java.runtime.version" value="12+32"/>
    <property name="java.awt.graphicsenv" value="sun.awt.Win32GraphicsEnvironment"/>
    <property name="os.arch" value="amd64"/>
    <property name="java.io.tmpdir" value="C:\Users\npanda\AppData\Local\Temp\"/>
    <property name="line.separator" value="
"/>
    <property name="java.vm.specification.vendor" value="Oracle Corporation"/>
    <property name="os.detected.version.major" value="10"/>
    <property name="user.variant" value=""/>
    <property name="os.name" value="Windows 10"/>
    <property name="os.detected.classifier" value="windows-x86_64"/>
    <property name="classworlds.conf" value="C:/apache-maven/bin/m2.conf"/>
    <property name="sun.jnu.encoding" value="Cp1252"/>
    <property name="java.library.path" value="C:\install\openjdk-12+32_windows-x64_bin\jdk-12\bin;C:\WINDOWS\Sun\Java\bin;C:\WINDOWS\system32;C:\WINDOWS;C:\Users\npanda\bin;C:\Program Files\Git\mingw64\bin;C:\Program Files\Git\usr\local\bin;C:\Program Files\Git\usr\bin;C:\Program Files\Git\usr\bin;C:\Program Files\Git\mingw64\bin;C:\Program Files\Git\usr\bin;C:\Users\npanda\bin;C:\Program Files\AdoptOpenJDK\jdk-11.0.11.9-hotspot\bin;C:\Python38\Scripts;C:\Python38;C:\Python27;C:\Python27\Scripts;C:\Program Files (x86)\RSA SecurID Token Common;C:\install\openjdk-12+32_windows-x64_bin\jdk-12\bin;C:\WINDOWS\system32;C:\WINDOWS;C:\WINDOWS\System32\Wbem;C:\WINDOWS\System32\WindowsPowerShell\v1.0;C:\Program Files (x86)\Webex\Webex\Applications;C:\Program Files (x86)\SafeCom\SafeComPrintClient;C:\Program Files\Intel\WiFi\bin;C:\Program Files\Common Files\Intel\WirelessCommon;C:\Users\npanda\Downloads\apache-maven-3.6.1\bin;C:\k8s;C:\install\jd-gui-windows-1.6.3;C:\WINDOWS\System32\OpenSSH;C:\Program Files\nodejs;C:\ProgramData\chocolatey\bin;C:\Program Files\dotnet;C:\Program Files\Microsoft SQL Server\130\Tools\Binn;C:\Program Files\Microsoft SQL Server\Client SDK\ODBC\170\Tools\Binn;C:\Program Files\Git\cmd;C:\Program Files\PuTTY;C:\Users\npanda\AppData\Local\Microsoft\WindowsApps;C:\Users\npanda\.dotnet\tools;C:\Program Files (x86)\Adaptiva\AdaptivaClient\bin\x32;C:\Program Files (x86)\Adaptiva\AdaptivaClient\bin\x64;C:\install\helm3;C:\Program Files\Kubernetes\Minikube;C:\install\make-3.81-bin\bin;C:\install\packer_1.6.0_windows_amd64;C:\Android;C:\Windows\System32;C:\install\terraform;C:\winutils\bin;C:\Program Files (x86)\PuTTY;C:\Program Files\IDM Computer Solutions\UltraCompare;C:\Program Files\Amazon\AWSCLI;C:\Program Files (x86)\Certbot\bin;C:\Program Files\TortoiseGit\bin;C:\WINDOWS\system32;C:\WINDOWS;C:\WINDOWS\System32\Wbem;C:\WINDOWS\System32\WindowsPowerShell\v1.0;C:\WINDOWS\System32\OpenSSH;C:\apache-maven\bin;C:\Users\npanda\Downloads\prom-central;C:\Program Files\Go\bin;C:\Program Files\Docker\Docker\resources\bin;C:\ProgramData\DockerDesktop\version-bin;C:\HashiCorp\Vagrant\bin;C:\Users\npanda\AppData\Local\Programs\Python\Python38-32\Scripts;C:\Users\npanda\AppData\Local\Programs\Python\Python38-32;C:\Users\npanda\AppData\Local\Microsoft\WindowsApps;C:\Users\npanda\go\bin;C:\install\PyCharm Community Edition 2019.2.3\bin;C:\Program Files\JetBrains\IntelliJ IDEA Community Edition 2019.2.3\bin;C:\Users\npanda\AppData\Roaming\npm;C:\Users\npanda\AppData\Local\GitHubDesktop\bin;C:\Users\npanda\AppData\Local\Programs\Microsoft VS Code\bin;C:\Users\npanda\AppData\Local\Microsoft\WindowsApps;C:\Program Files\Multipass\bin;C:\Users\npanda\go\bin;C:\Program Files\Git\usr\bin\vendor_perl;C:\Program Files\Git\usr\bin\core_perl;."/>
    <property name="os.detected.arch" value="x86_64"/>
    <property name="maven.conf" value="C:/apache-maven/conf"/>
    <property name="jdk.debug" value="release"/>
    <property name="java.class.version" value="56.0"/>
    <property name="java.specification.name" value="Java Platform API Specification"/>
    <property name="sun.management.compiler" value="HotSpot 64-Bit Tiered Compilers"/>
    <property name="os.detected.name" value="windows"/>
    <property name="os.version" value="10.0"/>
    <property name="library.jansi.path" value="C:/apache-maven/lib/jansi-native"/>
    <property name="user.home" value="C:\Users\npanda"/>
    <property name="user.timezone" value="Asia/Calcutta"/>
    <property name="file.encoding" value="Cp1252"/>
    <property name="java.specification.version" value="12"/>
    <property name="user.name" value="npanda"/>
    <property name="java.class.path" value="C:/apache-maven/boot/plexus-classworlds-2.6.0.jar"/>
    <property name="java.vm.specification.version" value="12"/>
    <property name="sun.arch.data.model" value="64"/>
    <property name="sun.java.command" value="org.codehaus.plexus.classworlds.launcher.Launcher clean install"/>
    <property name="java.home" value="C:\install\openjdk-12+32_windows-x64_bin\jdk-12"/>
    <property name="user.language" value="en"/>
    <property name="java.specification.vendor" value="Oracle Corporation"/>
    <property name="awt.toolkit" value="sun.awt.windows.WToolkit"/>
    <property name="java.vm.info" value="mixed mode, sharing"/>
    <property name="java.version" value="12"/>
    <property name="java.vendor" value="Oracle Corporation"/>
    <property name="maven.home" value="C:\apache-maven"/>
    <property name="file.separator" value="\"/>
    <property name="java.version.date" value="2019-03-19"/>
    <property name="java.vendor.url.bug" value="https://bugreport.java.com/bugreport/"/>
    <property name="sun.io.unicode.encoding" value="UnicodeLittle"/>
    <property name="sun.cpu.endian" value="little"/>
    <property name="sun.desktop" value="windows"/>
    <property name="sun.cpu.isalist" value="amd64"/>
  </properties>
  <testcase classname="io.grpc.examples.routeguide.RouteGuideClientTest" name="recordRoute_serverError" time="0.053"/>
  <testcase classname="io.grpc.examples.routeguide.RouteGuideClientTest" name="routeChat_echoResponse" time="0.024"/>
  <testcase classname="io.grpc.examples.routeguide.RouteGuideClientTest" name="routeChat_simpleResponse" time="0.011"/>
  <testcase classname="io.grpc.examples.routeguide.RouteGuideClientTest" name="getFeature" time="0.007"/>
  <testcase classname="io.grpc.examples.routeguide.RouteGuideClientTest" name="routeChat_errorResponse" time="0.014"/>
  <testcase classname="io.grpc.examples.routeguide.RouteGuideClientTest" name="listFeatures" time="0.08"/>
  <testcase classname="io.grpc.examples.routeguide.RouteGuideClientTest" name="recordRoute" time="0.01"/>
  <testcase classname="io.grpc.examples.routeguide.RouteGuideClientTest" name="listFeatures_error" time="0.006"/>
  <testcase classname="io.grpc.examples.routeguide.RouteGuideClientTest" name="getFeature_error" time="0.005"/>
</testsuite>